{
  "uid" : "362dca6d829215ce",
  "name" : "test2",
  "fullName" : "test_case.test_weather_condition.TestWeatherCondition#test2",
  "historyId" : "3f9bf41955f208347948ea1486ce3359",
  "time" : {
    "start" : 1585192377549,
    "stop" : 1585192377550,
    "duration" : 1
  },
  "status" : "failed",
  "statusMessage" : "AssertionError: assert 2 == 1\n  +2\n  -1",
  "statusTrace" : "self = <test_case.test_weather_condition.TestWeatherCondition object at 0x109d23518>\n\n    def test2(self):\n>       assert 2 == 1\nE       assert 2 == 1\nE         +2\nE         -1\n\ntest_case/test_weather_condition.py:50: AssertionError",
  "flaky" : true,
  "beforeStages" : [ {
    "name" : "browser",
    "time" : {
      "start" : 1585192357011,
      "stop" : 1585192372505,
      "duration" : 15494
    },
    "status" : "passed",
    "steps" : [ ],
    "attachments" : [ ],
    "parameters" : [ ],
    "shouldDisplayMessage" : false,
    "attachmentsCount" : 0,
    "hasContent" : false,
    "stepsCount" : 0
  }, {
    "name" : "_Class__pytest_setup_class",
    "time" : {
      "start" : 1585192372505,
      "stop" : 1585192372505,
      "duration" : 0
    },
    "status" : "passed",
    "steps" : [ ],
    "attachments" : [ ],
    "parameters" : [ ],
    "shouldDisplayMessage" : false,
    "attachmentsCount" : 0,
    "hasContent" : false,
    "stepsCount" : 0
  }, {
    "name" : "operal_app",
    "time" : {
      "start" : 1585192375246,
      "stop" : 1585192377548,
      "duration" : 2302
    },
    "status" : "passed",
    "steps" : [ ],
    "attachments" : [ ],
    "parameters" : [ ],
    "shouldDisplayMessage" : false,
    "attachmentsCount" : 0,
    "hasContent" : false,
    "stepsCount" : 0
  } ],
  "testStage" : {
    "status" : "failed",
    "statusMessage" : "AssertionError: assert 2 == 1\n  +2\n  -1",
    "statusTrace" : "self = <test_case.test_weather_condition.TestWeatherCondition object at 0x109d23518>\n\n    def test2(self):\n>       assert 2 == 1\nE       assert 2 == 1\nE         +2\nE         -1\n\ntest_case/test_weather_condition.py:50: AssertionError",
    "steps" : [ {
      "name" : "添加失败截图...",
      "time" : {
        "start" : 1585192380020,
        "stop" : 1585192383060,
        "duration" : 3040
      },
      "status" : "passed",
      "steps" : [ ],
      "attachments" : [ {
        "uid" : "eac1aca1af849dc5",
        "name" : "失败截图",
        "source" : "eac1aca1af849dc5.png",
        "type" : "image/png",
        "size" : 926935
      } ],
      "parameters" : [ ],
      "shouldDisplayMessage" : false,
      "attachmentsCount" : 1,
      "hasContent" : true,
      "stepsCount" : 0
    } ],
    "attachments" : [ ],
    "parameters" : [ ],
    "shouldDisplayMessage" : true,
    "attachmentsCount" : 1,
    "hasContent" : true,
    "stepsCount" : 1
  },
  "afterStages" : [ {
    "name" : "_Class__pytest_setup_class::0",
    "time" : {
      "start" : 1585192383255,
      "stop" : 1585192383256,
      "duration" : 1
    },
    "status" : "passed",
    "steps" : [ ],
    "attachments" : [ ],
    "parameters" : [ ],
    "shouldDisplayMessage" : false,
    "attachmentsCount" : 0,
    "hasContent" : false,
    "stepsCount" : 0
  }, {
    "name" : "operal_app::fin",
    "time" : {
      "start" : 1585192383061,
      "stop" : 1585192383254,
      "duration" : 193
    },
    "status" : "passed",
    "steps" : [ ],
    "attachments" : [ ],
    "parameters" : [ ],
    "shouldDisplayMessage" : false,
    "attachmentsCount" : 0,
    "hasContent" : false,
    "stepsCount" : 0
  } ],
  "labels" : [ {
    "name" : "parentSuite",
    "value" : "test_case"
  }, {
    "name" : "suite",
    "value" : "test_weather_condition"
  }, {
    "name" : "subSuite",
    "value" : "TestWeatherCondition"
  }, {
    "name" : "host",
    "value" : "liqingMacBook-Pro.local"
  }, {
    "name" : "thread",
    "value" : "33455-Thread-2"
  }, {
    "name" : "framework",
    "value" : "pytest"
  }, {
    "name" : "language",
    "value" : "cpython3"
  }, {
    "name" : "package",
    "value" : "test_case.test_weather_condition"
  }, {
    "name" : "resultFormat",
    "value" : "allure2"
  } ],
  "parameters" : [ ],
  "links" : [ ],
  "hidden" : false,
  "retry" : false,
  "extra" : {
    "severity" : "normal",
    "retries" : [ {
      "uid" : "2619fc4f97e677d",
      "status" : "failed",
      "statusDetails" : "AssertionError: assert 2 == 1\n  +2\n  -1",
      "time" : {
        "start" : 1585153780377,
        "stop" : 1585153780378,
        "duration" : 1
      }
    } ],
    "categories" : [ {
      "name" : "Product defects",
      "matchedStatuses" : [ ],
      "flaky" : false
    } ],
    "tags" : [ ]
  },
  "source" : "362dca6d829215ce.json",
  "parameterValues" : [ ]
}