<?xml version="1.0" encoding="utf-8"?><testsuites><testsuite errors="0" failures="0" hostname="liqingMacBook-Pro.local" name="pytest" skipped="0" tests="2" time="33.251" timestamp="2020-03-25T00:11:44.783235"><testcase classname="test_case.test_weather_condition.TestWeatherCondition" file="common/save_fail_picture.py" line="9" name="test_temp_equal" time="21.268"></testcase><testcase classname="test_case.test_weather_condition.TestWeatherCondition" file="test_case/test_weather_condition.py" line="14" name="test_weather_desc_equal" time="10.641"></testcase></testsuite></testsuites>