<?xml version="1.0" encoding="utf-8"?><testsuites><testsuite errors="2" failures="0" hostname="liqingMacBook-Pro.local" name="pytest" skipped="0" tests="2" time="27.392" timestamp="2020-03-25T22:10:50.601489"><testcase classname="test_case.test_weather_condition.TestWeatherCondition" file="test_case/test_weather_condition.py" line="24" name="test_weather_desc_equal" time="20.357"><error message="test setup failure">request = &lt;SubRequest &apos;browser&apos; for &lt;Function test_weather_desc_equal&gt;&gt;

    @pytest.fixture(scope=&apos;session&apos;, autouse=True)
    def browser(request):
        # 这是单例模式吗？？？全局范围内只生成一个session
        global driver
        if driver is None:
            driver = BaseDriver().get_android_driver()
            time.sleep(10)
&gt;       print(&quot;request&quot;, request.params)
E       AttributeError: &apos;SubRequest&apos; object has no attribute &apos;params&apos;

conftest.py:55: AttributeError</error></testcase><testcase classname="test_case.test_weather_condition.TestWeatherCondition" file="test_case/test_weather_condition.py" line="34" name="test_temp_equal" time="0.001"><error message="test setup failure">request = &lt;SubRequest &apos;browser&apos; for &lt;Function test_temp_equal&gt;&gt;

    @pytest.fixture(scope=&apos;session&apos;, autouse=True)
    def browser(request):
        # 这是单例模式吗？？？全局范围内只生成一个session
        global driver
        if driver is None:
            driver = BaseDriver().get_android_driver()
            time.sleep(10)
&gt;       print(&quot;request&quot;, request.params)
E       AttributeError: &apos;SubRequest&apos; object has no attribute &apos;params&apos;

conftest.py:55: AttributeError</error></testcase></testsuite></testsuites>