<?xml version="1.0" encoding="utf-8"?><testsuites><testsuite errors="0" failures="1" hostname="liqingMacBook-Pro.local" name="pytest" skipped="0" tests="2" time="68.642" timestamp="2020-03-25T18:18:53.553035"><testcase classname="test_case.test_weather_condition.TestWeatherCondition" file="common/save_fail_picture.py" line="9" name="test_temp_equal" time="54.679"><failure message="assert False">self = &lt;test_case.test_weather_condition.TestWeatherCondition object at 0x109cb7f60&gt;
args = (), kwargs = {}, stamp = &apos;1585131588&apos;
file_name = &apos;./static/picture_fail/test_temp_equal_1585131588_fail.png&apos;

    def inner(self, *args, **kwargs):
        try:
            result = function(self, *args, **kwargs)
    
            print(&quot;get_screen1&quot;, result)
            return result
        except Exception as e:
            print(&quot;get_screen&quot;, &quot;error&quot;)
            stamp = str(int(time.time()))
            file_name = &apos;./static/picture_fail/&apos; + function.__name__ + &quot;_&quot; + stamp + &apos;_fail.png&apos;
            print(file_name)
            self.driver.save_screenshot(file_name)
&gt;           raise e

common/save_fail_picture.py:22: 
_ _ _ _ _ _ _ _ _ _ _ _ _ _ _ _ _ _ _ _ _ _ _ _ _ _ _ _ _ _ _ _ _ _ _ _ _ _ _ _ 
common/save_fail_picture.py:12: in inner
    result = function(self, *args, **kwargs)
_ _ _ _ _ _ _ _ _ _ _ _ _ _ _ _ _ _ _ _ _ _ _ _ _ _ _ _ _ _ _ _ _ _ _ _ _ _ _ _ 

self = &lt;test_case.test_weather_condition.TestWeatherCondition object at 0x109cb7f60&gt;

    @get_screen_shot
    def test_temp_equal(self):
        self.weather_condition_business = WeatherCompareBusiness(self.driver)
        result = self.weather_condition_business.compare_temp()
        print(&quot;result&quot;, result)
&gt;       assert result
E       assert False

test_case/test_weather_condition.py:24: AssertionError</failure></testcase><testcase classname="test_case.test_weather_condition.TestWeatherCondition" file="test_case/test_weather_condition.py" line="14" name="test_weather_desc_equal" time="12.985"></testcase></testsuite></testsuites>