<?xml version="1.0" encoding="utf-8"?><testsuites><testsuite errors="0" failures="0" hostname="liqingMacBook-Pro.local" name="pytest" skipped="1" tests="2" time="25.655" timestamp="2020-03-25T17:49:28.751678"><testcase classname="test_case.test_weather_condition.TestWeatherCondition" file="common/save_fail_picture.py" line="9" name="test_temp_equal" time="23.303"></testcase><testcase classname="test_case.test_weather_condition.TestWeatherCondition" file="test_case/test_weather_condition.py" line="14" name="test_weather_desc_equal" time="0.572"><skipped message="unconditional skip" type="pytest.skip">test_case/test_weather_condition.py:14: unconditional skip</skipped></testcase></testsuite></testsuites>