<?xml version="1.0" encoding="utf-8"?><testsuites><testsuite errors="0" failures="0" hostname="liqingMacBook-Pro.local" name="pytest" skipped="0" tests="2" time="44.735" timestamp="2020-03-25T21:59:08.487739"><testcase classname="test_case.test_weather_condition.TestWeatherCondition" file="test_case/test_weather_condition.py" line="24" name="test_weather_desc_equal" time="31.797"></testcase><testcase classname="test_case.test_weather_condition.TestWeatherCondition" file="test_case/test_weather_condition.py" line="34" name="test_temp_equal" time="12.878"></testcase></testsuite></testsuites>