<?xml version="1.0" encoding="utf-8"?><testsuites><testsuite errors="0" failures="1" hostname="liqingMacBook-Pro.local" name="pytest" skipped="0" tests="2" time="94.173" timestamp="2020-03-25T18:07:55.002312"><testcase classname="test_case.test_weather_condition.TestWeatherCondition" file="common/save_fail_picture.py" line="9" name="test_temp_equal" time="23.342"></testcase><testcase classname="test_case.test_weather_condition.TestWeatherCondition" file="test_case/test_weather_condition.py" line="14" name="test_weather_desc_equal" time="68.622"><failure message="assert False is True
 +  where False = &lt;bound method WeatherCompareBusiness.compare_weather of &lt;bussiness.weather_compare_bussiness.WeatherCompareBusiness object at 0x109a57390&gt;&gt;()
 +    where &lt;bound method WeatherCompareBusiness.compare_weather of &lt;bussiness.weather_compare_bussiness.WeatherCompareBusiness object at 0x109a57390&gt;&gt; = &lt;bussiness.weather_compare_bussiness.WeatherCompareBusiness object at 0x109a57390&gt;.compare_weather
 +      where &lt;bussiness.weather_compare_bussiness.WeatherCompareBusiness object at 0x109a57390&gt; = &lt;test_case.test_weather_condition.TestWeatherCondition object at 0x109dde5c0&gt;.weather_condition_business">self = &lt;test_case.test_weather_condition.TestWeatherCondition object at 0x109dde5c0&gt;

    def test_weather_desc_equal(self):
        self.weather_condition_business = WeatherCompareBusiness(self.driver)
&gt;       assert self.weather_condition_business.compare_weather() is True
E       assert False is True
E        +  where False = &lt;bound method WeatherCompareBusiness.compare_weather of &lt;bussiness.weather_compare_bussiness.WeatherCompareBusiness object at 0x109a57390&gt;&gt;()
E        +    where &lt;bound method WeatherCompareBusiness.compare_weather of &lt;bussiness.weather_compare_bussiness.WeatherCompareBusiness object at 0x109a57390&gt;&gt; = &lt;bussiness.weather_compare_bussiness.WeatherCompareBusiness object at 0x109a57390&gt;.compare_weather
E        +      where &lt;bussiness.weather_compare_bussiness.WeatherCompareBusiness object at 0x109a57390&gt; = &lt;test_case.test_weather_condition.TestWeatherCondition object at 0x109dde5c0&gt;.weather_condition_business

test_case/test_weather_condition.py:17: AssertionError</failure></testcase></testsuite></testsuites>