<?xml version="1.0" encoding="utf-8"?><testsuites><testsuite errors="0" failures="0" hostname="liqingMacBook-Pro.local" name="pytest" skipped="0" tests="2" time="34.610" timestamp="2020-03-25T17:56:28.038574"><testcase classname="test_case.test_weather_condition.TestWeatherCondition" file="common/save_fail_picture.py" line="9" name="test_temp_equal" time="22.769"></testcase><testcase classname="test_case.test_weather_condition.TestWeatherCondition" file="test_case/test_weather_condition.py" line="14" name="test_weather_desc_equal" time="11.636"></testcase></testsuite></testsuites>